[2016-03-01 10:16:00] request.ERROR: Uncaught PHP Exception Symfony\Component\HttpKernel\Exception\NotFoundHttpException: "No route found for "GET /dev_php.php"" at D:\Programs\Xampp\htdocs\uni_project\vendor\symfony\symfony\src\Symfony\Component\HttpKernel\EventListener\RouterListener.php line 176 {"exception":"[object] (Symfony\\Component\\HttpKernel\\Exception\\NotFoundHttpException(code: 0): No route found for \"GET /dev_php.php\" at D:\\Programs\\Xampp\\htdocs\\uni_project\\vendor\\symfony\\symfony\\src\\Symfony\\Component\\HttpKernel\\EventListener\\RouterListener.php:176, Symfony\\Component\\Routing\\Exception\\ResourceNotFoundException(code: 0):  at D:\\Programs\\Xampp\\htdocs\\uni_project\\app\\cache\\prod\\appProdUrlMatcher.php:39)"} []
[2016-03-01 10:16:24] request.ERROR: Uncaught PHP Exception Symfony\Component\HttpKernel\Exception\NotFoundHttpException: "No route found for "GET /homepage"" at D:\Programs\Xampp\htdocs\uni_project\app\cache\prod\classes.php line 2599 {"exception":"[object] (Symfony\\Component\\HttpKernel\\Exception\\NotFoundHttpException(code: 0): No route found for \"GET /homepage\" at D:\\Programs\\Xampp\\htdocs\\uni_project\\app\\cache\\prod\\classes.php:2599, Symfony\\Component\\Routing\\Exception\\ResourceNotFoundException(code: 0):  at D:\\Programs\\Xampp\\htdocs\\uni_project\\app\\cache\\prod\\appProdUrlMatcher.php:39)"} []
[2016-03-03 14:15:05] request.INFO: Matched route "homepage". {"route_parameters":{"_controller":"AppBundle\\Controller\\DefaultController::indexAction","_route":"homepage"},"request_uri":"http://symfony/"} []
[2016-03-03 14:15:05] security.INFO: Populated the TokenStorage with an anonymous Token. [] []
[2016-03-03 14:15:05] request.CRITICAL: Uncaught PHP Exception InvalidArgumentException: "Unable to find template "default/index.html.twig"." at D:\Programs\Xampp\htdocs\uni_project\vendor\symfony\symfony\src\Symfony\Bridge\Twig\TwigEngine.php line 128 {"exception":"[object] (InvalidArgumentException(code: 0): Unable to find template \"default/index.html.twig\". at D:\\Programs\\Xampp\\htdocs\\uni_project\\vendor\\symfony\\symfony\\src\\Symfony\\Bridge\\Twig\\TwigEngine.php:128, Twig_Error_Loader(code: 0): Unable to find template \"default/index.html.twig\". at D:\\Programs\\Xampp\\htdocs\\uni_project\\vendor\\symfony\\symfony\\src\\Symfony\\Bundle\\TwigBundle\\Loader\\FilesystemLoader.php:91, InvalidArgumentException(code: 0): Unable to find template \"default/index.html.twig\" : \"The file \"default/index.html.twig\" does not exist (in: D:\\Programs\\Xampp\\htdocs\\uni_project\\app/Resources).\". at D:\\Programs\\Xampp\\htdocs\\uni_project\\app\\cache\\prod\\classes.php:805, InvalidArgumentException(code: 0): The file \"default/index.html.twig\" does not exist (in: D:\\Programs\\Xampp\\htdocs\\uni_project\\app/Resources). at D:\\Programs\\Xampp\\htdocs\\uni_project\\app\\cache\\prod\\classes.php:1692)"} []
[2016-03-04 21:09:49] request.ERROR: Uncaught PHP Exception Symfony\Component\HttpKernel\Exception\NotFoundHttpException: "No route found for "GET /teams"" at D:\Programs\Xampp\htdocs\uni_project\app\cache\prod\classes.php line 2599 {"exception":"[object] (Symfony\\Component\\HttpKernel\\Exception\\NotFoundHttpException(code: 0): No route found for \"GET /teams\" at D:\\Programs\\Xampp\\htdocs\\uni_project\\app\\cache\\prod\\classes.php:2599, Symfony\\Component\\Routing\\Exception\\ResourceNotFoundException(code: 0):  at D:\\Programs\\Xampp\\htdocs\\uni_project\\app\\cache\\prod\\appProdUrlMatcher.php:39)"} []
[2016-03-04 21:10:07] request.ERROR: Uncaught PHP Exception Symfony\Component\HttpKernel\Exception\NotFoundHttpException: "No route found for "GET /teams"" at D:\Programs\Xampp\htdocs\uni_project\app\cache\prod\classes.php line 2599 {"exception":"[object] (Symfony\\Component\\HttpKernel\\Exception\\NotFoundHttpException(code: 0): No route found for \"GET /teams\" at D:\\Programs\\Xampp\\htdocs\\uni_project\\app\\cache\\prod\\classes.php:2599, Symfony\\Component\\Routing\\Exception\\ResourceNotFoundException(code: 0):  at D:\\Programs\\Xampp\\htdocs\\uni_project\\app\\cache\\prod\\appProdUrlMatcher.php:39)"} []
[2016-03-08 17:33:25] request.INFO: Matched route "homepage". {"route_parameters":{"_controller":"AppBundle\\Controller\\DefaultController::indexAction","_route":"homepage"},"request_uri":"http://symfony/"} []
[2016-03-08 17:33:25] security.DEBUG: Read existing security token from the session. {"key":"_security_main"} []
[2016-03-08 17:33:25] request.CRITICAL: Uncaught PHP Exception RuntimeException: "There is no user provider for user "AppBundle\Entity\Player"." at D:\Programs\Xampp\htdocs\uni_project\vendor\symfony\symfony\src\Symfony\Component\Security\Http\Firewall\ContextListener.php line 174 {"exception":"[object] (RuntimeException(code: 0): There is no user provider for user \"AppBundle\\Entity\\Player\". at D:\\Programs\\Xampp\\htdocs\\uni_project\\vendor\\symfony\\symfony\\src\\Symfony\\Component\\Security\\Http\\Firewall\\ContextListener.php:174)"} []
[2016-03-08 17:33:34] request.ERROR: Uncaught PHP Exception Symfony\Component\HttpKernel\Exception\NotFoundHttpException: "No route found for "GET /login"" at D:\Programs\Xampp\htdocs\uni_project\app\cache\prod\classes.php line 2599 {"exception":"[object] (Symfony\\Component\\HttpKernel\\Exception\\NotFoundHttpException(code: 0): No route found for \"GET /login\" at D:\\Programs\\Xampp\\htdocs\\uni_project\\app\\cache\\prod\\classes.php:2599, Symfony\\Component\\Routing\\Exception\\ResourceNotFoundException(code: 0):  at D:\\Programs\\Xampp\\htdocs\\uni_project\\app\\cache\\prod\\appProdUrlMatcher.php:39)"} []
[2016-03-08 17:38:49] request.ERROR: Uncaught PHP Exception Symfony\Component\HttpKernel\Exception\NotFoundHttpException: "No route found for "GET /login"" at D:\Programs\Xampp\htdocs\uni_project\app\cache\prod\classes.php line 2599 {"exception":"[object] (Symfony\\Component\\HttpKernel\\Exception\\NotFoundHttpException(code: 0): No route found for \"GET /login\" at D:\\Programs\\Xampp\\htdocs\\uni_project\\app\\cache\\prod\\classes.php:2599, Symfony\\Component\\Routing\\Exception\\ResourceNotFoundException(code: 0):  at D:\\Programs\\Xampp\\htdocs\\uni_project\\app\\cache\\prod\\appProdUrlMatcher.php:39)"} []
[2016-03-08 17:38:57] request.ERROR: Uncaught PHP Exception Symfony\Component\HttpKernel\Exception\NotFoundHttpException: "No route found for "GET /login"" at D:\Programs\Xampp\htdocs\uni_project\app\cache\prod\classes.php line 2599 {"exception":"[object] (Symfony\\Component\\HttpKernel\\Exception\\NotFoundHttpException(code: 0): No route found for \"GET /login\" at D:\\Programs\\Xampp\\htdocs\\uni_project\\app\\cache\\prod\\classes.php:2599, Symfony\\Component\\Routing\\Exception\\ResourceNotFoundException(code: 0):  at D:\\Programs\\Xampp\\htdocs\\uni_project\\app\\cache\\prod\\appProdUrlMatcher.php:39)"} []
[2016-03-08 17:40:37] request.ERROR: Uncaught PHP Exception Symfony\Component\HttpKernel\Exception\NotFoundHttpException: "No route found for "GET /"" at D:\Programs\Xampp\htdocs\uni_project\vendor\symfony\symfony\src\Symfony\Component\HttpKernel\EventListener\RouterListener.php line 176 {"exception":"[object] (Symfony\\Component\\HttpKernel\\Exception\\NotFoundHttpException(code: 0): No route found for \"GET /\" at D:\\Programs\\Xampp\\htdocs\\uni_project\\vendor\\symfony\\symfony\\src\\Symfony\\Component\\HttpKernel\\EventListener\\RouterListener.php:176, Symfony\\Component\\Routing\\Exception\\ResourceNotFoundException(code: 0):  at D:\\Programs\\Xampp\\htdocs\\uni_project\\app\\cache\\prod\\appProdUrlMatcher.php:132)"} []
[2016-03-08 17:40:37] event.DEBUG: Notified event "kernel.request" to listener "Symfony\Component\EventDispatcher\Debug\WrappedListener::__invoke". [] []
[2016-03-08 17:40:37] event.DEBUG: Notified event "kernel.request" to listener "Symfony\Component\EventDispatcher\Debug\WrappedListener::__invoke". [] []
[2016-03-08 17:40:37] event.DEBUG: Notified event "kernel.request" to listener "Symfony\Component\EventDispatcher\Debug\WrappedListener::__invoke". [] []
[2016-03-08 17:40:37] event.DEBUG: Notified event "kernel.request" to listener "Symfony\Component\EventDispatcher\Debug\WrappedListener::__invoke". [] []
[2016-03-08 17:40:37] event.DEBUG: Notified event "kernel.request" to listener "Symfony\Component\EventDispatcher\Debug\WrappedListener::__invoke". [] []
[2016-03-08 17:40:37] event.DEBUG: Notified event "kernel.request" to listener "Symfony\Component\EventDispatcher\Debug\WrappedListener::__invoke". [] []
[2016-03-08 17:40:37] event.DEBUG: Notified event "kernel.request" to listener "Symfony\Component\EventDispatcher\Debug\WrappedListener::__invoke". [] []
[2016-03-08 17:40:37] event.DEBUG: Notified event "kernel.controller" to listener "Sensio\Bundle\FrameworkExtraBundle\EventListener\ControllerListener::onKernelController". [] []
[2016-03-08 17:40:37] event.DEBUG: Notified event "kernel.controller" to listener "Sensio\Bundle\FrameworkExtraBundle\EventListener\ParamConverterListener::onKernelController". [] []
[2016-03-08 17:40:37] event.DEBUG: Notified event "kernel.controller" to listener "Sensio\Bundle\FrameworkExtraBundle\EventListener\HttpCacheListener::onKernelController". [] []
[2016-03-08 17:40:37] event.DEBUG: Notified event "kernel.controller" to listener "Sensio\Bundle\FrameworkExtraBundle\EventListener\SecurityListener::onKernelController". [] []
[2016-03-08 17:40:37] event.DEBUG: Notified event "kernel.controller" to listener "Sensio\Bundle\FrameworkExtraBundle\EventListener\TemplateListener::onKernelController". [] []
[2016-03-08 17:40:37] event.DEBUG: Notified event "kernel.response" to listener "Symfony\Component\HttpKernel\EventListener\ResponseListener::onKernelResponse". [] []
[2016-03-08 17:40:37] event.DEBUG: Notified event "kernel.response" to listener "Symfony\Component\Security\Http\RememberMe\ResponseListener::onKernelResponse". [] []
[2016-03-08 17:40:37] event.DEBUG: Notified event "kernel.response" to listener "Sensio\Bundle\FrameworkExtraBundle\EventListener\HttpCacheListener::onKernelResponse". [] []
[2016-03-08 17:40:37] event.DEBUG: Notified event "kernel.response" to listener "Symfony\Component\HttpKernel\EventListener\SaveSessionListener::onKernelResponse". [] []
[2016-03-08 17:40:37] event.DEBUG: Notified event "kernel.response" to listener "Symfony\Component\HttpKernel\EventListener\StreamedResponseListener::onKernelResponse". [] []
[2016-03-08 17:40:37] event.DEBUG: Notified event "kernel.finish_request" to listener "Symfony\Component\HttpKernel\EventListener\LocaleListener::onKernelFinishRequest". [] []
[2016-03-08 17:40:37] event.DEBUG: Notified event "kernel.finish_request" to listener "Symfony\Component\HttpKernel\EventListener\TranslatorListener::onKernelFinishRequest". [] []
[2016-03-08 17:40:37] event.DEBUG: Notified event "kernel.finish_request" to listener "Symfony\Component\HttpKernel\EventListener\RouterListener::onKernelFinishRequest". [] []
[2016-03-08 17:40:37] event.DEBUG: Notified event "kernel.finish_request" to listener "Symfony\Component\Security\Http\Firewall::onKernelFinishRequest". [] []
[2016-03-08 17:40:37] event.DEBUG: Notified event "kernel.exception" to listener "Symfony\Component\HttpKernel\EventListener\ExceptionListener::onKernelException". [] []
[2016-03-08 17:40:37] event.DEBUG: Listener "Symfony\Component\HttpKernel\EventListener\ExceptionListener::onKernelException" stopped propagation of the event "kernel.exception". [] []
[2016-03-08 17:40:37] event.DEBUG: Notified event "kernel.response" to listener "Symfony\Component\HttpKernel\EventListener\ResponseListener::onKernelResponse". [] []
[2016-03-08 17:40:37] event.DEBUG: Notified event "kernel.response" to listener "Symfony\Component\Security\Http\RememberMe\ResponseListener::onKernelResponse". [] []
[2016-03-08 17:40:37] event.DEBUG: Notified event "kernel.response" to listener "Sensio\Bundle\FrameworkExtraBundle\EventListener\HttpCacheListener::onKernelResponse". [] []
[2016-03-08 17:40:37] event.DEBUG: Notified event "kernel.response" to listener "Symfony\Component\HttpKernel\EventListener\SaveSessionListener::onKernelResponse". [] []
[2016-03-08 17:40:37] event.DEBUG: Notified event "kernel.response" to listener "Symfony\Component\HttpKernel\EventListener\StreamedResponseListener::onKernelResponse". [] []
[2016-03-08 17:40:37] event.DEBUG: Notified event "kernel.finish_request" to listener "Symfony\Component\HttpKernel\EventListener\LocaleListener::onKernelFinishRequest". [] []
[2016-03-08 17:40:37] event.DEBUG: Notified event "kernel.finish_request" to listener "Symfony\Component\HttpKernel\EventListener\TranslatorListener::onKernelFinishRequest". [] []
[2016-03-08 17:40:37] event.DEBUG: Notified event "kernel.finish_request" to listener "Symfony\Component\HttpKernel\EventListener\RouterListener::onKernelFinishRequest". [] []
[2016-03-08 17:40:37] event.DEBUG: Notified event "kernel.finish_request" to listener "Symfony\Component\Security\Http\Firewall::onKernelFinishRequest". [] []
[2016-03-08 17:40:37] event.DEBUG: Notified event "kernel.terminate" to listener "Symfony\Bundle\SwiftmailerBundle\EventListener\EmailSenderListener::onTerminate". [] []
[2016-03-08 17:44:00] request.ERROR: Uncaught PHP Exception Symfony\Component\HttpKernel\Exception\NotFoundHttpException: "No route found for "GET /" (from "http://localhost/uni_project/")" at D:\Programs\Xampp\htdocs\uni_project\app\cache\prod\classes.php line 5100 {"exception":"[object] (Symfony\\Component\\HttpKernel\\Exception\\NotFoundHttpException(code: 0): No route found for \"GET /\" (from \"http://localhost/uni_project/\") at D:\\Programs\\Xampp\\htdocs\\uni_project\\app\\cache\\prod\\classes.php:5100, Symfony\\Component\\Routing\\Exception\\ResourceNotFoundException(code: 0):  at D:\\Programs\\Xampp\\htdocs\\uni_project\\app\\cache\\prod\\appProdUrlMatcher.php:132)"} []
[2016-03-08 17:44:23] request.INFO: Matched route "register". {"route_parameters":{"_controller":"AppBundle\\Controller\\RegistrationController::registerAction","_route":"register"},"request_uri":"http://localhost/uni_project/web/register"} []
[2016-03-08 17:44:23] security.INFO: Populated the TokenStorage with an anonymous Token. [] []
[2016-03-08 17:44:23] request.CRITICAL: Uncaught PHP Exception Symfony\Component\Validator\Exception\ConstraintDefinitionException: "Unable to find the object manager associated with an entity of class "AppBundle\Entity\Player"." at D:\Programs\Xampp\htdocs\uni_project\vendor\symfony\symfony\src\Symfony\Bridge\Doctrine\Validator\Constraints\UniqueEntityValidator.php line 75 {"exception":"[object] (Symfony\\Component\\Validator\\Exception\\ConstraintDefinitionException(code: 0): Unable to find the object manager associated with an entity of class \"AppBundle\\Entity\\Player\". at D:\\Programs\\Xampp\\htdocs\\uni_project\\vendor\\symfony\\symfony\\src\\Symfony\\Bridge\\Doctrine\\Validator\\Constraints\\UniqueEntityValidator.php:75)"} []
[2016-03-09 12:08:18] request.ERROR: Uncaught PHP Exception Symfony\Component\HttpKernel\Exception\NotFoundHttpException: "No route found for "GET /"" at D:\Programs\Xampp\htdocs\uni_project\app\cache\prod\classes.php line 5100 {"exception":"[object] (Symfony\\Component\\HttpKernel\\Exception\\NotFoundHttpException(code: 0): No route found for \"GET /\" at D:\\Programs\\Xampp\\htdocs\\uni_project\\app\\cache\\prod\\classes.php:5100, Symfony\\Component\\Routing\\Exception\\ResourceNotFoundException(code: 0):  at D:\\Programs\\Xampp\\htdocs\\uni_project\\app\\cache\\prod\\appProdUrlMatcher.php:132)"} []
[2016-03-09 12:08:18] event.DEBUG: Notified event "kernel.request" to listener "Symfony\Component\EventDispatcher\Debug\WrappedListener::__invoke". [] []
[2016-03-09 12:08:18] event.DEBUG: Notified event "kernel.request" to listener "Symfony\Component\EventDispatcher\Debug\WrappedListener::__invoke". [] []
[2016-03-09 12:08:18] event.DEBUG: Notified event "kernel.request" to listener "Symfony\Component\EventDispatcher\Debug\WrappedListener::__invoke". [] []
[2016-03-09 12:08:18] event.DEBUG: Notified event "kernel.request" to listener "Symfony\Component\EventDispatcher\Debug\WrappedListener::__invoke". [] []
[2016-03-09 12:08:18] event.DEBUG: Notified event "kernel.request" to listener "Symfony\Component\EventDispatcher\Debug\WrappedListener::__invoke". [] []
[2016-03-09 12:08:18] event.DEBUG: Notified event "kernel.request" to listener "Symfony\Component\EventDispatcher\Debug\WrappedListener::__invoke". [] []
[2016-03-09 12:08:18] event.DEBUG: Notified event "kernel.request" to listener "Symfony\Component\EventDispatcher\Debug\WrappedListener::__invoke". [] []
[2016-03-09 12:08:19] event.DEBUG: Notified event "kernel.controller" to listener "Sensio\Bundle\FrameworkExtraBundle\EventListener\ControllerListener::onKernelController". [] []
[2016-03-09 12:08:19] event.DEBUG: Notified event "kernel.controller" to listener "Sensio\Bundle\FrameworkExtraBundle\EventListener\ParamConverterListener::onKernelController". [] []
[2016-03-09 12:08:19] event.DEBUG: Notified event "kernel.controller" to listener "Sensio\Bundle\FrameworkExtraBundle\EventListener\HttpCacheListener::onKernelController". [] []
[2016-03-09 12:08:19] event.DEBUG: Notified event "kernel.controller" to listener "Sensio\Bundle\FrameworkExtraBundle\EventListener\SecurityListener::onKernelController". [] []
[2016-03-09 12:08:19] event.DEBUG: Notified event "kernel.controller" to listener "Sensio\Bundle\FrameworkExtraBundle\EventListener\TemplateListener::onKernelController". [] []
[2016-03-09 12:08:20] event.DEBUG: Notified event "kernel.response" to listener "Symfony\Component\HttpKernel\EventListener\ResponseListener::onKernelResponse". [] []
[2016-03-09 12:08:20] event.DEBUG: Notified event "kernel.response" to listener "Symfony\Component\Security\Http\RememberMe\ResponseListener::onKernelResponse". [] []
[2016-03-09 12:08:20] event.DEBUG: Notified event "kernel.response" to listener "Sensio\Bundle\FrameworkExtraBundle\EventListener\HttpCacheListener::onKernelResponse". [] []
[2016-03-09 12:08:20] event.DEBUG: Notified event "kernel.response" to listener "Symfony\Component\HttpKernel\EventListener\SaveSessionListener::onKernelResponse". [] []
[2016-03-09 12:08:20] event.DEBUG: Notified event "kernel.response" to listener "Symfony\Component\HttpKernel\EventListener\StreamedResponseListener::onKernelResponse". [] []
[2016-03-09 12:08:20] event.DEBUG: Notified event "kernel.finish_request" to listener "Symfony\Component\HttpKernel\EventListener\LocaleListener::onKernelFinishRequest". [] []
[2016-03-09 12:08:20] event.DEBUG: Notified event "kernel.finish_request" to listener "Symfony\Component\HttpKernel\EventListener\TranslatorListener::onKernelFinishRequest". [] []
[2016-03-09 12:08:20] event.DEBUG: Notified event "kernel.finish_request" to listener "Symfony\Component\HttpKernel\EventListener\RouterListener::onKernelFinishRequest". [] []
[2016-03-09 12:08:20] event.DEBUG: Notified event "kernel.finish_request" to listener "Symfony\Component\Security\Http\Firewall::onKernelFinishRequest". [] []
[2016-03-09 12:08:20] event.DEBUG: Notified event "kernel.exception" to listener "Symfony\Component\HttpKernel\EventListener\ExceptionListener::onKernelException". [] []
[2016-03-09 12:08:20] event.DEBUG: Listener "Symfony\Component\HttpKernel\EventListener\ExceptionListener::onKernelException" stopped propagation of the event "kernel.exception". [] []
[2016-03-09 12:08:20] event.DEBUG: Notified event "kernel.response" to listener "Symfony\Component\HttpKernel\EventListener\ResponseListener::onKernelResponse". [] []
[2016-03-09 12:08:20] event.DEBUG: Notified event "kernel.response" to listener "Symfony\Component\Security\Http\RememberMe\ResponseListener::onKernelResponse". [] []
[2016-03-09 12:08:20] event.DEBUG: Notified event "kernel.response" to listener "Sensio\Bundle\FrameworkExtraBundle\EventListener\HttpCacheListener::onKernelResponse". [] []
[2016-03-09 12:08:20] event.DEBUG: Notified event "kernel.response" to listener "Symfony\Component\HttpKernel\EventListener\SaveSessionListener::onKernelResponse". [] []
[2016-03-09 12:08:20] event.DEBUG: Notified event "kernel.response" to listener "Symfony\Component\HttpKernel\EventListener\StreamedResponseListener::onKernelResponse". [] []
[2016-03-09 12:08:20] event.DEBUG: Notified event "kernel.finish_request" to listener "Symfony\Component\HttpKernel\EventListener\LocaleListener::onKernelFinishRequest". [] []
[2016-03-09 12:08:20] event.DEBUG: Notified event "kernel.finish_request" to listener "Symfony\Component\HttpKernel\EventListener\TranslatorListener::onKernelFinishRequest". [] []
[2016-03-09 12:08:20] event.DEBUG: Notified event "kernel.finish_request" to listener "Symfony\Component\HttpKernel\EventListener\RouterListener::onKernelFinishRequest". [] []
[2016-03-09 12:08:20] event.DEBUG: Notified event "kernel.finish_request" to listener "Symfony\Component\Security\Http\Firewall::onKernelFinishRequest". [] []
[2016-03-09 12:08:20] event.DEBUG: Notified event "kernel.terminate" to listener "Symfony\Bundle\SwiftmailerBundle\EventListener\EmailSenderListener::onTerminate". [] []
[2017-01-10 18:36:30] request.INFO: Matched route "login". {"route_parameters":{"_controller":"AppBundle\\Controller\\LoginController::loginAction","_route":"login"},"request_uri":"http://localhost/uni_project/web/login"} []
[2017-01-10 18:36:30] security.INFO: Populated the TokenStorage with an anonymous Token. [] []
[2017-01-10 18:36:30] event.DEBUG: Notified event "kernel.request" to listener "Symfony\Component\HttpKernel\EventListener\DebugHandlersListener::configure". [] []
[2017-01-10 18:36:30] event.DEBUG: Notified event "kernel.request" to listener "Symfony\Bundle\FrameworkBundle\EventListener\SessionListener::onKernelRequest". [] []
[2017-01-10 18:36:30] event.DEBUG: Notified event "kernel.request" to listener "Symfony\Component\HttpKernel\EventListener\FragmentListener::onKernelRequest". [] []
[2017-01-10 18:36:30] event.DEBUG: Notified event "kernel.request" to listener "Symfony\Component\HttpKernel\EventListener\RouterListener::onKernelRequest". [] []
[2017-01-10 18:36:30] event.DEBUG: Notified event "kernel.request" to listener "Symfony\Component\HttpKernel\EventListener\LocaleListener::onKernelRequest". [] []
[2017-01-10 18:36:30] event.DEBUG: Notified event "kernel.request" to listener "Symfony\Component\HttpKernel\EventListener\TranslatorListener::onKernelRequest". [] []
[2017-01-10 18:36:30] event.DEBUG: Notified event "kernel.request" to listener "Symfony\Component\Security\Http\Firewall::onKernelRequest". [] []
[2017-01-10 18:36:30] event.DEBUG: Notified event "kernel.controller" to listener "Sensio\Bundle\FrameworkExtraBundle\EventListener\ControllerListener::onKernelController". [] []
[2017-01-10 18:36:30] event.DEBUG: Notified event "kernel.controller" to listener "Sensio\Bundle\FrameworkExtraBundle\EventListener\ParamConverterListener::onKernelController". [] []
[2017-01-10 18:36:30] event.DEBUG: Notified event "kernel.controller" to listener "Sensio\Bundle\FrameworkExtraBundle\EventListener\HttpCacheListener::onKernelController". [] []
[2017-01-10 18:36:30] event.DEBUG: Notified event "kernel.controller" to listener "Sensio\Bundle\FrameworkExtraBundle\EventListener\SecurityListener::onKernelController". [] []
[2017-01-10 18:36:30] event.DEBUG: Notified event "kernel.controller" to listener "Sensio\Bundle\FrameworkExtraBundle\EventListener\TemplateListener::onKernelController". [] []
[2017-01-10 18:36:30] request.CRITICAL: Uncaught PHP Exception Symfony\Component\Debug\Exception\ContextErrorException: "Warning: file_get_contents(D:\Programs\Xampp\htdocs\uni_project\src\AppBundle/Resources/views/Login/login.html.twig): failed to open stream: No such file or directory" at C:\xampp\htdocs\uni_project\vendor\twig\twig\lib\Twig\Loader\Filesystem.php line 131 {"exception":"[object] (Symfony\\Component\\Debug\\Exception\\ContextErrorException(code: 0): Warning: file_get_contents(D:\\Programs\\Xampp\\htdocs\\uni_project\\src\\AppBundle/Resources/views/Login/login.html.twig): failed to open stream: No such file or directory at C:\\xampp\\htdocs\\uni_project\\vendor\\twig\\twig\\lib\\Twig\\Loader\\Filesystem.php:131)"} []
[2017-01-10 18:36:30] event.DEBUG: Notified event "kernel.request" to listener "Symfony\Component\HttpKernel\EventListener\DebugHandlersListener::configure". [] []
[2017-01-10 18:36:30] event.DEBUG: Notified event "kernel.request" to listener "Symfony\Bundle\FrameworkBundle\EventListener\SessionListener::onKernelRequest". [] []
[2017-01-10 18:36:30] event.DEBUG: Notified event "kernel.request" to listener "Symfony\Component\HttpKernel\EventListener\FragmentListener::onKernelRequest". [] []
[2017-01-10 18:36:30] event.DEBUG: Notified event "kernel.request" to listener "Symfony\Component\HttpKernel\EventListener\RouterListener::onKernelRequest". [] []
[2017-01-10 18:36:30] event.DEBUG: Notified event "kernel.request" to listener "Symfony\Component\HttpKernel\EventListener\LocaleListener::onKernelRequest". [] []
[2017-01-10 18:36:30] event.DEBUG: Notified event "kernel.request" to listener "Symfony\Component\HttpKernel\EventListener\TranslatorListener::onKernelRequest". [] []
[2017-01-10 18:36:30] event.DEBUG: Notified event "kernel.request" to listener "Symfony\Component\Security\Http\Firewall::onKernelRequest". [] []
[2017-01-10 18:36:30] event.DEBUG: Notified event "kernel.controller" to listener "Sensio\Bundle\FrameworkExtraBundle\EventListener\ControllerListener::onKernelController". [] []
[2017-01-10 18:36:30] event.DEBUG: Notified event "kernel.controller" to listener "Sensio\Bundle\FrameworkExtraBundle\EventListener\ParamConverterListener::onKernelController". [] []
[2017-01-10 18:36:30] event.DEBUG: Notified event "kernel.controller" to listener "Sensio\Bundle\FrameworkExtraBundle\EventListener\HttpCacheListener::onKernelController". [] []
[2017-01-10 18:36:30] event.DEBUG: Notified event "kernel.controller" to listener "Sensio\Bundle\FrameworkExtraBundle\EventListener\SecurityListener::onKernelController". [] []
[2017-01-10 18:36:30] event.DEBUG: Notified event "kernel.controller" to listener "Sensio\Bundle\FrameworkExtraBundle\EventListener\TemplateListener::onKernelController". [] []
[2017-01-10 18:36:30] event.DEBUG: Notified event "kernel.response" to listener "Symfony\Component\Security\Http\Firewall\ContextListener::onKernelResponse". [] []
[2017-01-10 18:36:30] event.DEBUG: Notified event "kernel.response" to listener "Symfony\Component\HttpKernel\EventListener\ResponseListener::onKernelResponse". [] []
[2017-01-10 18:36:30] event.DEBUG: Notified event "kernel.response" to listener "Symfony\Component\Security\Http\RememberMe\ResponseListener::onKernelResponse". [] []
[2017-01-10 18:36:30] event.DEBUG: Notified event "kernel.response" to listener "Sensio\Bundle\FrameworkExtraBundle\EventListener\HttpCacheListener::onKernelResponse". [] []
[2017-01-10 18:36:30] event.DEBUG: Notified event "kernel.response" to listener "Symfony\Component\HttpKernel\EventListener\SaveSessionListener::onKernelResponse". [] []
[2017-01-10 18:36:30] event.DEBUG: Notified event "kernel.response" to listener "Symfony\Component\HttpKernel\EventListener\StreamedResponseListener::onKernelResponse". [] []
[2017-01-10 18:36:30] event.DEBUG: Notified event "kernel.finish_request" to listener "Symfony\Component\HttpKernel\EventListener\LocaleListener::onKernelFinishRequest". [] []
[2017-01-10 18:36:30] event.DEBUG: Notified event "kernel.finish_request" to listener "Symfony\Component\HttpKernel\EventListener\TranslatorListener::onKernelFinishRequest". [] []
[2017-01-10 18:36:30] event.DEBUG: Notified event "kernel.finish_request" to listener "Symfony\Component\HttpKernel\EventListener\RouterListener::onKernelFinishRequest". [] []
[2017-01-10 18:36:30] event.DEBUG: Notified event "kernel.finish_request" to listener "Symfony\Component\Security\Http\Firewall::onKernelFinishRequest". [] []
[2017-01-10 18:36:30] event.DEBUG: Notified event "kernel.exception" to listener "Symfony\Component\Security\Http\Firewall\ExceptionListener::onKernelException". [] []
[2017-01-10 18:36:30] event.DEBUG: Notified event "kernel.exception" to listener "Symfony\Component\HttpKernel\EventListener\ExceptionListener::onKernelException". [] []
[2017-01-10 18:36:30] event.DEBUG: Listener "Symfony\Component\HttpKernel\EventListener\ExceptionListener::onKernelException" stopped propagation of the event "kernel.exception". [] []
[2017-01-10 18:36:30] event.DEBUG: Notified event "kernel.response" to listener "Symfony\Component\HttpKernel\EventListener\ResponseListener::onKernelResponse". [] []
[2017-01-10 18:36:30] event.DEBUG: Notified event "kernel.response" to listener "Symfony\Component\Security\Http\RememberMe\ResponseListener::onKernelResponse". [] []
[2017-01-10 18:36:30] event.DEBUG: Notified event "kernel.response" to listener "Sensio\Bundle\FrameworkExtraBundle\EventListener\HttpCacheListener::onKernelResponse". [] []
[2017-01-10 18:36:30] event.DEBUG: Notified event "kernel.response" to listener "Symfony\Component\HttpKernel\EventListener\SaveSessionListener::onKernelResponse". [] []
[2017-01-10 18:36:30] event.DEBUG: Notified event "kernel.response" to listener "Symfony\Component\HttpKernel\EventListener\StreamedResponseListener::onKernelResponse". [] []
[2017-01-10 18:36:30] event.DEBUG: Notified event "kernel.finish_request" to listener "Symfony\Component\HttpKernel\EventListener\LocaleListener::onKernelFinishRequest". [] []
[2017-01-10 18:36:30] event.DEBUG: Notified event "kernel.finish_request" to listener "Symfony\Component\HttpKernel\EventListener\TranslatorListener::onKernelFinishRequest". [] []
[2017-01-10 18:36:30] event.DEBUG: Notified event "kernel.finish_request" to listener "Symfony\Component\HttpKernel\EventListener\RouterListener::onKernelFinishRequest". [] []
[2017-01-10 18:36:30] event.DEBUG: Notified event "kernel.finish_request" to listener "Symfony\Component\Security\Http\Firewall::onKernelFinishRequest". [] []
[2017-01-10 18:36:30] event.DEBUG: Notified event "kernel.terminate" to listener "Symfony\Bundle\SwiftmailerBundle\EventListener\EmailSenderListener::onTerminate". [] []
